==========================================================
开始节点分类实验对比 - 数据集: Cora
时间: Wed, Jan 28, 2026  4:37:28 PM
==========================================================
==========================================================
开始节点分类实验对比 - 数据集: Cora
==========================================================
Step 1/5: Running Standard...

Mode: standard Results:
Accuracy: 0.8180, Macro-F1: 0.8090, Minority Recall: 0.7769
Step 2/5: Running Imbalanced...

Mode: imbalanced Results:
Accuracy: 0.7530, Macro-F1: 0.6800, Minority Recall: 0.0000
Step 3/5: Running Weighted...

Mode: weighted Results:
Accuracy: 0.7740, Macro-F1: 0.7342, Minority Recall: 0.2308
Step 4/5: Running IceBerg (Original)...

Mode: iceberg_original Results:
Accuracy: 0.7550, Macro-F1: 0.6778, Minority Recall: 0.0000
Step 5/5: Running IceBerg+ (Ours)...

Mode: iceberg_plus Results:
Accuracy: 0.7390, Macro-F1: 0.6645, Minority Recall: 0.0000
==========================================================
实验完成，结果已保存至: experiments/logs/cora_comparison_20260128_163728.log
